\BOOKMARK [0][-]{chapter*.2}{Diario delle modifiche}{}% 1
\BOOKMARK [0][-]{chapter*.3}{Introduzione}{}% 2
\BOOKMARK [1][-]{section.1.1}{Scopo del documento}{chapter*.3}% 3
\BOOKMARK [1][-]{section.1.2}{Scopo del prodotto}{chapter*.3}% 4
\BOOKMARK [1][-]{section.1.3}{Glossario}{chapter*.3}% 5
\BOOKMARK [1][-]{section.1.4}{Riferimenti}{chapter*.3}% 6
\BOOKMARK [2][-]{subsection.1.4.1}{Informativi}{section.1.4}% 7
\BOOKMARK [0][-]{chapter*.4}{Comunicazioni}{}% 8
\BOOKMARK [1][-]{section.2.1}{Comunicazioni esterne}{chapter*.4}% 9
\BOOKMARK [1][-]{section.2.2}{Comunicazioni interne}{chapter*.4}% 10
\BOOKMARK [1][-]{section.2.3}{Composizione e-mail e conversazioni}{chapter*.4}% 11
\BOOKMARK [2][-]{subsection.2.3.1}{Destinatario}{section.2.3}% 12
\BOOKMARK [2][-]{subsection.2.3.2}{Mittente}{section.2.3}% 13
\BOOKMARK [2][-]{subsection.2.3.3}{Oggetto}{section.2.3}% 14
\BOOKMARK [2][-]{subsection.2.3.4}{Corpo}{section.2.3}% 15
\BOOKMARK [2][-]{subsection.2.3.5}{Allegati}{section.2.3}% 16
\BOOKMARK [0][-]{chapter*.5}{Riunioni}{}% 17
\BOOKMARK [1][-]{section.3.1}{Frequenza}{chapter*.5}% 18
\BOOKMARK [1][-]{section.3.2}{Convocazione riunione}{chapter*.5}% 19
\BOOKMARK [2][-]{subsection.3.2.1}{Interna}{section.3.2}% 20
\BOOKMARK [2][-]{subsection.3.2.2}{Esterna}{section.3.2}% 21
\BOOKMARK [1][-]{section.3.3}{Svolgimento riunione}{chapter*.5}% 22
\BOOKMARK [2][-]{subsection.3.3.1}{Esterna}{section.3.3}% 23
\BOOKMARK [1][-]{section.3.4}{Verbale}{chapter*.5}% 24
\BOOKMARK [2][-]{subsection.3.4.1}{Riunione interna}{section.3.4}% 25
\BOOKMARK [2][-]{subsection.3.4.2}{Riunione esterna}{section.3.4}% 26
\BOOKMARK [0][-]{chapter*.6}{Documenti}{}% 27
\BOOKMARK [1][-]{section.4.1}{Template}{chapter*.6}% 28
\BOOKMARK [1][-]{section.4.2}{Struttura del documento}{chapter*.6}% 29
\BOOKMARK [2][-]{subsection.4.2.1}{Prima pagina}{section.4.2}% 30
\BOOKMARK [2][-]{subsection.4.2.2}{Indici}{section.4.2}% 31
\BOOKMARK [2][-]{subsection.4.2.3}{Diario delle modifiche}{section.4.2}% 32
\BOOKMARK [2][-]{subsection.4.2.4}{Struttura generale delle pagine}{section.4.2}% 33
\BOOKMARK [1][-]{section.4.3}{Norme tipografiche}{chapter*.6}% 34
\BOOKMARK [2][-]{subsection.4.3.1}{Punteggiatura}{section.4.3}% 35
\BOOKMARK [2][-]{subsection.4.3.2}{Stile di testo}{section.4.3}% 36
\BOOKMARK [2][-]{subsection.4.3.3}{Composizione del testo}{section.4.3}% 37
\BOOKMARK [2][-]{subsection.4.3.4}{Formati}{section.4.3}% 38
\BOOKMARK [2][-]{subsection.4.3.5}{Sigle}{section.4.3}% 39
\BOOKMARK [1][-]{section.4.4}{Componenti grafiche}{chapter*.6}% 40
\BOOKMARK [2][-]{subsection.4.4.1}{Tabelle}{section.4.4}% 41
\BOOKMARK [2][-]{subsection.4.4.2}{Immagini}{section.4.4}% 42
\BOOKMARK [1][-]{section.4.5}{Classificazione documenti}{chapter*.6}% 43
\BOOKMARK [2][-]{subsection.4.5.1}{Documenti formali}{section.4.5}% 44
\BOOKMARK [2][-]{subsection.4.5.2}{Documenti informali}{section.4.5}% 45
\BOOKMARK [1][-]{section.4.6}{Versionamento}{chapter*.6}% 46
\BOOKMARK [2][-]{subsection.4.6.1}{Variazione indici}{section.4.6}% 47
\BOOKMARK [0][-]{chapter*.7}{Analisi dei requisiti}{}% 48
\BOOKMARK [0][-]{chapter*.8}{Codifica dei file e documentazione}{}% 49
\BOOKMARK [0][-]{chapter*.9}{Glossario}{}% 50
\BOOKMARK [0][-]{chapter*.10}{Protocollo per lo sviluppo dell'applicazione}{}% 51
\BOOKMARK [0][-]{chapter*.11}{Ambiente di lavoro}{}% 52
\BOOKMARK [0][-]{chapter*.11}{Elenco delle figure}{}% 53
\BOOKMARK [0][-]{chapter*.12}{Elenco delle tabelle}{}% 54
